{"/Projects/tennis-ladder-2/src/server/config.js": {"path":"/Projects/tennis-ladder-2/src/server/config.js","statementMap":{"0":{"start":{"line":4,"column":0},"end":{"line":15,"column":1}}},"fnMap":{},"branchMap":{},"s":{"0":1},"f":{},"b":{},"_coverageSchema":"332fd63041d2c1bcb487cc26dd0d5f7d97098a6c","hash":"7b609142eda7a729c52c28a2a0512fefdc33c48b"}
,"/Projects/tennis-ladder-2/src/server/eloScoring.js": {"path":"/Projects/tennis-ladder-2/src/server/eloScoring.js","statementMap":{"0":{"start":{"line":23,"column":10},"end":{"line":23,"column":12}},"1":{"start":{"line":25,"column":0},"end":{"line":36,"column":1}},"2":{"start":{"line":26,"column":13},"end":{"line":26,"column":40}},"3":{"start":{"line":27,"column":13},"end":{"line":27,"column":40}},"4":{"start":{"line":28,"column":13},"end":{"line":28,"column":27}},"5":{"start":{"line":29,"column":13},"end":{"line":29,"column":23}},"6":{"start":{"line":30,"column":24},"end":{"line":30,"column":41}},"7":{"start":{"line":31,"column":2},"end":{"line":35,"column":3}}},"fnMap":{"0":{"name":"(anonymous_0)","decl":{"start":{"line":25,"column":17},"end":{"line":25,"column":18}},"loc":{"start":{"line":25,"column":57},"end":{"line":36,"column":1}},"line":25}},"branchMap":{},"s":{"0":2,"1":2,"2":10,"3":10,"4":10,"5":10,"6":10,"7":10},"f":{"0":10},"b":{},"_coverageSchema":"332fd63041d2c1bcb487cc26dd0d5f7d97098a6c","hash":"3d40b0299903e6d4fcb3fe312de1fd41e2d4dd63"}
,"/Projects/tennis-ladder-2/src/server/email.js": {"path":"/Projects/tennis-ladder-2/src/server/email.js","statementMap":{"0":{"start":{"line":1,"column":17},"end":{"line":1,"column":38}},"1":{"start":{"line":3,"column":13},"end":{"line":3,"column":32}},"2":{"start":{"line":5,"column":0},"end":{"line":10,"column":1}},"3":{"start":{"line":16,"column":2},"end":{"line":24,"column":3}},"4":{"start":{"line":17,"column":4},"end":{"line":23,"column":6}},"5":{"start":{"line":25,"column":2},"end":{"line":25,"column":18}},"6":{"start":{"line":29,"column":2},"end":{"line":29,"column":34}},"7":{"start":{"line":29,"column":17},"end":{"line":29,"column":34}},"8":{"start":{"line":30,"column":2},"end":{"line":30,"column":18}},"9":{"start":{"line":37,"column":11},"end":{"line":37,"column":29}},"10":{"start":{"line":39,"column":2},"end":{"line":78,"column":4}},"11":{"start":{"line":41,"column":4},"end":{"line":48,"column":6}},"12":{"start":{"line":42,"column":6},"end":{"line":44,"column":7}},"13":{"start":{"line":43,"column":8},"end":{"line":43,"column":27}},"14":{"start":{"line":45,"column":6},"end":{"line":47,"column":7}},"15":{"start":{"line":46,"column":8},"end":{"line":46,"column":27}},"16":{"start":{"line":50,"column":21},"end":{"line":50,"column":22}},"17":{"start":{"line":52,"column":27},"end":{"line":52,"column":28}},"18":{"start":{"line":54,"column":4},"end":{"line":77,"column":6}},"19":{"start":{"line":55,"column":6},"end":{"line":55,"column":45}},"20":{"start":{"line":59,"column":25},"end":{"line":59,"column":56}},"21":{"start":{"line":61,"column":25},"end":{"line":61,"column":56}},"22":{"start":{"line":63,"column":26},"end":{"line":63,"column":54}},"23":{"start":{"line":64,"column":6},"end":{"line":64,"column":20}},"24":{"start":{"line":66,"column":6},"end":{"line":76,"column":7}},"25":{"start":{"line":67,"column":8},"end":{"line":67,"column":20}},"26":{"start":{"line":68,"column":8},"end":{"line":75,"column":10}},"27":{"start":{"line":69,"column":10},"end":{"line":69,"column":28}},"28":{"start":{"line":70,"column":10},"end":{"line":74,"column":11}},"29":{"start":{"line":71,"column":12},"end":{"line":71,"column":42}},"30":{"start":{"line":72,"column":12},"end":{"line":72,"column":28}},"31":{"start":{"line":73,"column":12},"end":{"line":73,"column":36}},"32":{"start":{"line":73,"column":26},"end":{"line":73,"column":36}},"33":{"start":{"line":82,"column":11},"end":{"line":82,"column":29}},"34":{"start":{"line":84,"column":2},"end":{"line":122,"column":4}},"35":{"start":{"line":85,"column":4},"end":{"line":121,"column":6}},"36":{"start":{"line":86,"column":17},"end":{"line":86,"column":18}},"37":{"start":{"line":88,"column":8},"end":{"line":91,"column":9}},"38":{"start":{"line":89,"column":10},"end":{"line":89,"column":37}},"39":{"start":{"line":90,"column":10},"end":{"line":90,"column":28}},"40":{"start":{"line":92,"column":8},"end":{"line":92,"column":14}},"41":{"start":{"line":93,"column":8},"end":{"line":95,"column":9}},"42":{"start":{"line":94,"column":10},"end":{"line":94,"column":20}},"43":{"start":{"line":99,"column":25},"end":{"line":106,"column":7}},"44":{"start":{"line":108,"column":6},"end":{"line":108,"column":56}},"45":{"start":{"line":111,"column":25},"end":{"line":118,"column":7}},"46":{"start":{"line":120,"column":6},"end":{"line":120,"column":56}},"47":{"start":{"line":126,"column":11},"end":{"line":126,"column":29}},"48":{"start":{"line":127,"column":2},"end":{"line":149,"column":4}},"49":{"start":{"line":128,"column":21},"end":{"line":128,"column":22}},"50":{"start":{"line":130,"column":27},"end":{"line":130,"column":28}},"51":{"start":{"line":132,"column":4},"end":{"line":148,"column":6}},"52":{"start":{"line":133,"column":6},"end":{"line":133,"column":45}},"53":{"start":{"line":136,"column":6},"end":{"line":147,"column":7}},"54":{"start":{"line":138,"column":8},"end":{"line":138,"column":20}},"55":{"start":{"line":139,"column":8},"end":{"line":146,"column":10}},"56":{"start":{"line":140,"column":10},"end":{"line":140,"column":28}},"57":{"start":{"line":141,"column":10},"end":{"line":145,"column":11}},"58":{"start":{"line":142,"column":12},"end":{"line":142,"column":42}},"59":{"start":{"line":143,"column":12},"end":{"line":143,"column":28}},"60":{"start":{"line":144,"column":12},"end":{"line":144,"column":36}},"61":{"start":{"line":144,"column":26},"end":{"line":144,"column":36}},"62":{"start":{"line":155,"column":2},"end":{"line":160,"column":3}},"63":{"start":{"line":156,"column":4},"end":{"line":156,"column":79}},"64":{"start":{"line":157,"column":4},"end":{"line":157,"column":23}},"65":{"start":{"line":158,"column":4},"end":{"line":158,"column":38}},"66":{"start":{"line":158,"column":18},"end":{"line":158,"column":38}},"67":{"start":{"line":159,"column":4},"end":{"line":159,"column":10}},"68":{"start":{"line":164,"column":21},"end":{"line":164,"column":49}},"69":{"start":{"line":167,"column":2},"end":{"line":169,"column":3}},"70":{"start":{"line":168,"column":4},"end":{"line":168,"column":82}},"71":{"start":{"line":171,"column":2},"end":{"line":171,"column":87}},"72":{"start":{"line":172,"column":2},"end":{"line":172,"column":65}},"73":{"start":{"line":174,"column":21},"end":{"line":182,"column":3}},"74":{"start":{"line":184,"column":2},"end":{"line":184,"column":45}},"75":{"start":{"line":184,"column":15},"end":{"line":184,"column":45}},"76":{"start":{"line":186,"column":2},"end":{"line":194,"column":4}},"77":{"start":{"line":187,"column":4},"end":{"line":193,"column":5}},"78":{"start":{"line":188,"column":6},"end":{"line":188,"column":33}},"79":{"start":{"line":189,"column":6},"end":{"line":189,"column":24}},"80":{"start":{"line":191,"column":6},"end":{"line":191,"column":41}},"81":{"start":{"line":192,"column":6},"end":{"line":192,"column":30}},"82":{"start":{"line":192,"column":20},"end":{"line":192,"column":30}},"83":{"start":{"line":198,"column":2},"end":{"line":198,"column":45}},"84":{"start":{"line":199,"column":2},"end":{"line":199,"column":32}},"85":{"start":{"line":200,"column":2},"end":{"line":200,"column":52}},"86":{"start":{"line":201,"column":2},"end":{"line":201,"column":38}},"87":{"start":{"line":202,"column":2},"end":{"line":202,"column":20}},"88":{"start":{"line":203,"column":2},"end":{"line":203,"column":47}},"89":{"start":{"line":204,"column":2},"end":{"line":204,"column":13}},"90":{"start":{"line":208,"column":13},"end":{"line":208,"column":105}},"91":{"start":{"line":209,"column":2},"end":{"line":209,"column":52}},"92":{"start":{"line":210,"column":2},"end":{"line":210,"column":38}},"93":{"start":{"line":211,"column":2},"end":{"line":211,"column":89}},"94":{"start":{"line":211,"column":27},"end":{"line":211,"column":89}},"95":{"start":{"line":212,"column":2},"end":{"line":212,"column":26}},"96":{"start":{"line":213,"column":2},"end":{"line":213,"column":13}},"97":{"start":{"line":217,"column":13},"end":{"line":217,"column":15}},"98":{"start":{"line":218,"column":2},"end":{"line":220,"column":3}},"99":{"start":{"line":219,"column":4},"end":{"line":219,"column":57}},"100":{"start":{"line":221,"column":2},"end":{"line":223,"column":3}},"101":{"start":{"line":222,"column":4},"end":{"line":222,"column":70}},"102":{"start":{"line":224,"column":2},"end":{"line":224,"column":13}},"103":{"start":{"line":229,"column":14},"end":{"line":229,"column":95}},"104":{"start":{"line":229,"column":49},"end":{"line":229,"column":81}},"105":{"start":{"line":230,"column":2},"end":{"line":230,"column":72}},"106":{"start":{"line":234,"column":2},"end":{"line":234,"column":44}},"107":{"start":{"line":235,"column":2},"end":{"line":235,"column":8}},"108":{"start":{"line":237,"column":2},"end":{"line":241,"column":3}},"109":{"start":{"line":238,"column":4},"end":{"line":238,"column":82}},"110":{"start":{"line":239,"column":4},"end":{"line":239,"column":23}},"111":{"start":{"line":240,"column":4},"end":{"line":240,"column":38}},"112":{"start":{"line":240,"column":18},"end":{"line":240,"column":38}},"113":{"start":{"line":243,"column":2},"end":{"line":243,"column":57}},"114":{"start":{"line":244,"column":2},"end":{"line":244,"column":20}},"115":{"start":{"line":246,"column":21},"end":{"line":252,"column":3}},"116":{"start":{"line":254,"column":2},"end":{"line":254,"column":49}},"117":{"start":{"line":259,"column":21},"end":{"line":264,"column":3}},"118":{"start":{"line":265,"column":2},"end":{"line":270,"column":4}},"119":{"start":{"line":266,"column":4},"end":{"line":266,"column":37}},"120":{"start":{"line":267,"column":4},"end":{"line":267,"column":22}},"121":{"start":{"line":268,"column":4},"end":{"line":268,"column":38}},"122":{"start":{"line":269,"column":4},"end":{"line":269,"column":23}},"123":{"start":{"line":274,"column":2},"end":{"line":274,"column":109}}},"fnMap":{"0":{"name":"getTransport","decl":{"start":{"line":15,"column":9},"end":{"line":15,"column":21}},"loc":{"start":{"line":15,"column":25},"end":{"line":26,"column":1}},"line":15},"1":{"name":"closeTransport","decl":{"start":{"line":28,"column":9},"end":{"line":28,"column":23}},"loc":{"start":{"line":28,"column":27},"end":{"line":31,"column":1}},"line":28},"2":{"name":"sendEmailsAboutChallenge","decl":{"start":{"line":36,"column":9},"end":{"line":36,"column":33}},"loc":{"start":{"line":36,"column":73},"end":{"line":79,"column":1}},"line":36},"3":{"name":"(anonymous_3)","decl":{"start":{"line":39,"column":16},"end":{"line":39,"column":17}},"loc":{"start":{"line":39,"column":42},"end":{"line":78,"column":3}},"line":39},"4":{"name":"(anonymous_4)","decl":{"start":{"line":41,"column":20},"end":{"line":41,"column":21}},"loc":{"start":{"line":41,"column":38},"end":{"line":48,"column":5}},"line":41},"5":{"name":"(anonymous_5)","decl":{"start":{"line":54,"column":20},"end":{"line":54,"column":21}},"loc":{"start":{"line":54,"column":41},"end":{"line":77,"column":5}},"line":54},"6":{"name":"(anonymous_6)","decl":{"start":{"line":68,"column":69},"end":{"line":68,"column":70}},"loc":{"start":{"line":68,"column":81},"end":{"line":75,"column":9}},"line":68},"7":{"name":"sendInvitationEmails","decl":{"start":{"line":81,"column":9},"end":{"line":81,"column":29}},"loc":{"start":{"line":81,"column":53},"end":{"line":123,"column":1}},"line":81},"8":{"name":"(anonymous_8)","decl":{"start":{"line":84,"column":44},"end":{"line":84,"column":45}},"loc":{"start":{"line":84,"column":70},"end":{"line":122,"column":3}},"line":84},"9":{"name":"(anonymous_9)","decl":{"start":{"line":85,"column":46},"end":{"line":85,"column":47}},"loc":{"start":{"line":85,"column":72},"end":{"line":121,"column":5}},"line":85},"10":{"name":"sentHandler","decl":{"start":{"line":87,"column":15},"end":{"line":87,"column":26}},"loc":{"start":{"line":87,"column":43},"end":{"line":96,"column":7}},"line":87},"11":{"name":"sendEmailsAboutMatch","decl":{"start":{"line":125,"column":9},"end":{"line":125,"column":29}},"loc":{"start":{"line":125,"column":48},"end":{"line":150,"column":1}},"line":125},"12":{"name":"(anonymous_12)","decl":{"start":{"line":127,"column":16},"end":{"line":127,"column":17}},"loc":{"start":{"line":127,"column":42},"end":{"line":149,"column":3}},"line":127},"13":{"name":"(anonymous_13)","decl":{"start":{"line":132,"column":20},"end":{"line":132,"column":21}},"loc":{"start":{"line":132,"column":41},"end":{"line":148,"column":5}},"line":132},"14":{"name":"(anonymous_14)","decl":{"start":{"line":139,"column":39},"end":{"line":139,"column":40}},"loc":{"start":{"line":139,"column":51},"end":{"line":146,"column":9}},"line":139},"15":{"name":"sendChallenge","decl":{"start":{"line":154,"column":9},"end":{"line":154,"column":22}},"loc":{"start":{"line":154,"column":81},"end":{"line":195,"column":1}},"line":154},"16":{"name":"(anonymous_16)","decl":{"start":{"line":186,"column":40},"end":{"line":186,"column":41}},"loc":{"start":{"line":186,"column":65},"end":{"line":194,"column":3}},"line":186},"17":{"name":"invitationBody","decl":{"start":{"line":197,"column":9},"end":{"line":197,"column":23}},"loc":{"start":{"line":197,"column":39},"end":{"line":205,"column":1}},"line":197},"18":{"name":"challengeEmailBody","decl":{"start":{"line":207,"column":9},"end":{"line":207,"column":27}},"loc":{"start":{"line":207,"column":60},"end":{"line":214,"column":1}},"line":207},"19":{"name":"contactDetailsHtml","decl":{"start":{"line":216,"column":9},"end":{"line":216,"column":27}},"loc":{"start":{"line":216,"column":37},"end":{"line":225,"column":1}},"line":216},"20":{"name":"matchString","decl":{"start":{"line":228,"column":9},"end":{"line":228,"column":20}},"loc":{"start":{"line":228,"column":29},"end":{"line":231,"column":1}},"line":228},"21":{"name":"(anonymous_21)","decl":{"start":{"line":229,"column":30},"end":{"line":229,"column":31}},"loc":{"start":{"line":229,"column":47},"end":{"line":229,"column":83}},"line":229},"22":{"name":"sendMatchReport","decl":{"start":{"line":233,"column":9},"end":{"line":233,"column":24}},"loc":{"start":{"line":233,"column":51},"end":{"line":255,"column":1}},"line":233},"23":{"name":"sendTestEmail","decl":{"start":{"line":258,"column":9},"end":{"line":258,"column":22}},"loc":{"start":{"line":258,"column":46},"end":{"line":271,"column":1}},"line":258},"24":{"name":"(anonymous_24)","decl":{"start":{"line":265,"column":40},"end":{"line":265,"column":41}},"loc":{"start":{"line":265,"column":65},"end":{"line":270,"column":3}},"line":265},"25":{"name":"body","decl":{"start":{"line":273,"column":9},"end":{"line":273,"column":13}},"loc":{"start":{"line":273,"column":17},"end":{"line":275,"column":1}},"line":273}},"branchMap":{"0":{"loc":{"start":{"line":16,"column":2},"end":{"line":24,"column":3}},"type":"if","locations":[{"start":{"line":16,"column":2},"end":{"line":24,"column":3}},{"start":{"line":16,"column":2},"end":{"line":24,"column":3}}],"line":16},"1":{"loc":{"start":{"line":29,"column":2},"end":{"line":29,"column":34}},"type":"if","locations":[{"start":{"line":29,"column":2},"end":{"line":29,"column":34}},{"start":{"line":29,"column":2},"end":{"line":29,"column":34}}],"line":29},"2":{"loc":{"start":{"line":42,"column":6},"end":{"line":44,"column":7}},"type":"if","locations":[{"start":{"line":42,"column":6},"end":{"line":44,"column":7}},{"start":{"line":42,"column":6},"end":{"line":44,"column":7}}],"line":42},"3":{"loc":{"start":{"line":45,"column":6},"end":{"line":47,"column":7}},"type":"if","locations":[{"start":{"line":45,"column":6},"end":{"line":47,"column":7}},{"start":{"line":45,"column":6},"end":{"line":47,"column":7}}],"line":45},"4":{"loc":{"start":{"line":55,"column":24},"end":{"line":55,"column":45}},"type":"binary-expr","locations":[{"start":{"line":55,"column":24},"end":{"line":55,"column":39}},{"start":{"line":55,"column":43},"end":{"line":55,"column":45}}],"line":55},"5":{"loc":{"start":{"line":63,"column":26},"end":{"line":63,"column":54}},"type":"binary-expr","locations":[{"start":{"line":63,"column":26},"end":{"line":63,"column":38}},{"start":{"line":63,"column":42},"end":{"line":63,"column":54}}],"line":63},"6":{"loc":{"start":{"line":66,"column":6},"end":{"line":76,"column":7}},"type":"if","locations":[{"start":{"line":66,"column":6},"end":{"line":76,"column":7}},{"start":{"line":66,"column":6},"end":{"line":76,"column":7}}],"line":66},"7":{"loc":{"start":{"line":66,"column":10},"end":{"line":66,"column":98}},"type":"binary-expr","locations":[{"start":{"line":66,"column":11},"end":{"line":66,"column":43}},{"start":{"line":66,"column":47},"end":{"line":66,"column":60}},{"start":{"line":66,"column":65},"end":{"line":66,"column":98}}],"line":66},"8":{"loc":{"start":{"line":70,"column":10},"end":{"line":74,"column":11}},"type":"if","locations":[{"start":{"line":70,"column":10},"end":{"line":74,"column":11}},{"start":{"line":70,"column":10},"end":{"line":74,"column":11}}],"line":70},"9":{"loc":{"start":{"line":73,"column":12},"end":{"line":73,"column":36}},"type":"if","locations":[{"start":{"line":73,"column":12},"end":{"line":73,"column":36}},{"start":{"line":73,"column":12},"end":{"line":73,"column":36}}],"line":73},"10":{"loc":{"start":{"line":88,"column":8},"end":{"line":91,"column":9}},"type":"if","locations":[{"start":{"line":88,"column":8},"end":{"line":91,"column":9}},{"start":{"line":88,"column":8},"end":{"line":91,"column":9}}],"line":88},"11":{"loc":{"start":{"line":93,"column":8},"end":{"line":95,"column":9}},"type":"if","locations":[{"start":{"line":93,"column":8},"end":{"line":95,"column":9}},{"start":{"line":93,"column":8},"end":{"line":95,"column":9}}],"line":93},"12":{"loc":{"start":{"line":93,"column":12},"end":{"line":93,"column":33}},"type":"binary-expr","locations":[{"start":{"line":93,"column":12},"end":{"line":93,"column":21}},{"start":{"line":93,"column":25},"end":{"line":93,"column":33}}],"line":93},"13":{"loc":{"start":{"line":133,"column":24},"end":{"line":133,"column":45}},"type":"binary-expr","locations":[{"start":{"line":133,"column":24},"end":{"line":133,"column":39}},{"start":{"line":133,"column":43},"end":{"line":133,"column":45}}],"line":133},"14":{"loc":{"start":{"line":136,"column":6},"end":{"line":147,"column":7}},"type":"if","locations":[{"start":{"line":136,"column":6},"end":{"line":147,"column":7}},{"start":{"line":136,"column":6},"end":{"line":147,"column":7}}],"line":136},"15":{"loc":{"start":{"line":136,"column":10},"end":{"line":137,"column":39}},"type":"binary-expr","locations":[{"start":{"line":136,"column":11},"end":{"line":136,"column":39}},{"start":{"line":136,"column":44},"end":{"line":136,"column":80}},{"start":{"line":136,"column":84},"end":{"line":136,"column":120}},{"start":{"line":137,"column":10},"end":{"line":137,"column":39}}],"line":136},"16":{"loc":{"start":{"line":141,"column":10},"end":{"line":145,"column":11}},"type":"if","locations":[{"start":{"line":141,"column":10},"end":{"line":145,"column":11}},{"start":{"line":141,"column":10},"end":{"line":145,"column":11}}],"line":141},"17":{"loc":{"start":{"line":144,"column":12},"end":{"line":144,"column":36}},"type":"if","locations":[{"start":{"line":144,"column":12},"end":{"line":144,"column":36}},{"start":{"line":144,"column":12},"end":{"line":144,"column":36}}],"line":144},"18":{"loc":{"start":{"line":155,"column":2},"end":{"line":160,"column":3}},"type":"if","locations":[{"start":{"line":155,"column":2},"end":{"line":160,"column":3}},{"start":{"line":155,"column":2},"end":{"line":160,"column":3}}],"line":155},"19":{"loc":{"start":{"line":158,"column":4},"end":{"line":158,"column":38}},"type":"if","locations":[{"start":{"line":158,"column":4},"end":{"line":158,"column":38}},{"start":{"line":158,"column":4},"end":{"line":158,"column":38}}],"line":158},"20":{"loc":{"start":{"line":167,"column":2},"end":{"line":169,"column":3}},"type":"if","locations":[{"start":{"line":167,"column":2},"end":{"line":169,"column":3}},{"start":{"line":167,"column":2},"end":{"line":169,"column":3}}],"line":167},"21":{"loc":{"start":{"line":168,"column":14},"end":{"line":168,"column":82}},"type":"cond-expr","locations":[{"start":{"line":168,"column":29},"end":{"line":168,"column":54}},{"start":{"line":168,"column":57},"end":{"line":168,"column":82}}],"line":168},"22":{"loc":{"start":{"line":179,"column":10},"end":{"line":181,"column":14}},"type":"cond-expr","locations":[{"start":{"line":180,"column":8},"end":{"line":180,"column":75}},{"start":{"line":181,"column":8},"end":{"line":181,"column":14}}],"line":179},"23":{"loc":{"start":{"line":180,"column":27},"end":{"line":180,"column":65}},"type":"cond-expr","locations":[{"start":{"line":180,"column":42},"end":{"line":180,"column":52}},{"start":{"line":180,"column":55},"end":{"line":180,"column":65}}],"line":180},"24":{"loc":{"start":{"line":184,"column":2},"end":{"line":184,"column":45}},"type":"if","locations":[{"start":{"line":184,"column":2},"end":{"line":184,"column":45}},{"start":{"line":184,"column":2},"end":{"line":184,"column":45}}],"line":184},"25":{"loc":{"start":{"line":187,"column":4},"end":{"line":193,"column":5}},"type":"if","locations":[{"start":{"line":187,"column":4},"end":{"line":193,"column":5}},{"start":{"line":187,"column":4},"end":{"line":193,"column":5}}],"line":187},"26":{"loc":{"start":{"line":192,"column":6},"end":{"line":192,"column":30}},"type":"if","locations":[{"start":{"line":192,"column":6},"end":{"line":192,"column":30}},{"start":{"line":192,"column":6},"end":{"line":192,"column":30}}],"line":192},"27":{"loc":{"start":{"line":211,"column":2},"end":{"line":211,"column":89}},"type":"if","locations":[{"start":{"line":211,"column":2},"end":{"line":211,"column":89}},{"start":{"line":211,"column":2},"end":{"line":211,"column":89}}],"line":211},"28":{"loc":{"start":{"line":218,"column":2},"end":{"line":220,"column":3}},"type":"if","locations":[{"start":{"line":218,"column":2},"end":{"line":220,"column":3}},{"start":{"line":218,"column":2},"end":{"line":220,"column":3}}],"line":218},"29":{"loc":{"start":{"line":221,"column":2},"end":{"line":223,"column":3}},"type":"if","locations":[{"start":{"line":221,"column":2},"end":{"line":223,"column":3}},{"start":{"line":221,"column":2},"end":{"line":223,"column":3}}],"line":221},"30":{"loc":{"start":{"line":237,"column":2},"end":{"line":241,"column":3}},"type":"if","locations":[{"start":{"line":237,"column":2},"end":{"line":241,"column":3}},{"start":{"line":237,"column":2},"end":{"line":241,"column":3}}],"line":237},"31":{"loc":{"start":{"line":240,"column":4},"end":{"line":240,"column":38}},"type":"if","locations":[{"start":{"line":240,"column":4},"end":{"line":240,"column":38}},{"start":{"line":240,"column":4},"end":{"line":240,"column":38}}],"line":240},"32":{"loc":{"start":{"line":262,"column":13},"end":{"line":262,"column":54}},"type":"binary-expr","locations":[{"start":{"line":262,"column":13},"end":{"line":262,"column":20}},{"start":{"line":262,"column":24},"end":{"line":262,"column":54}}],"line":262},"33":{"loc":{"start":{"line":263,"column":10},"end":{"line":263,"column":27}},"type":"binary-expr","locations":[{"start":{"line":263,"column":10},"end":{"line":263,"column":17}},{"start":{"line":263,"column":21},"end":{"line":263,"column":27}}],"line":263}},"s":{"0":1,"1":1,"2":1,"3":0,"4":0,"5":0,"6":0,"7":0,"8":0,"9":0,"10":0,"11":0,"12":0,"13":0,"14":0,"15":0,"16":0,"17":0,"18":0,"19":0,"20":0,"21":0,"22":0,"23":0,"24":0,"25":0,"26":0,"27":0,"28":0,"29":0,"30":0,"31":0,"32":0,"33":0,"34":0,"35":0,"36":0,"37":0,"38":0,"39":0,"40":0,"41":0,"42":0,"43":0,"44":0,"45":0,"46":0,"47":0,"48":0,"49":0,"50":0,"51":0,"52":0,"53":0,"54":0,"55":0,"56":0,"57":0,"58":0,"59":0,"60":0,"61":0,"62":0,"63":0,"64":0,"65":0,"66":0,"67":0,"68":0,"69":0,"70":0,"71":0,"72":0,"73":0,"74":0,"75":0,"76":0,"77":0,"78":0,"79":0,"80":0,"81":0,"82":0,"83":0,"84":0,"85":0,"86":0,"87":0,"88":0,"89":0,"90":0,"91":0,"92":0,"93":0,"94":0,"95":0,"96":0,"97":0,"98":0,"99":0,"100":0,"101":0,"102":0,"103":0,"104":0,"105":0,"106":0,"107":0,"108":0,"109":0,"110":0,"111":0,"112":0,"113":0,"114":0,"115":0,"116":0,"117":0,"118":0,"119":0,"120":0,"121":0,"122":0,"123":0},"f":{"0":0,"1":0,"2":0,"3":0,"4":0,"5":0,"6":0,"7":0,"8":0,"9":0,"10":0,"11":0,"12":0,"13":0,"14":0,"15":0,"16":0,"17":0,"18":0,"19":0,"20":0,"21":0,"22":0,"23":0,"24":0,"25":0},"b":{"0":[0,0],"1":[0,0],"2":[0,0],"3":[0,0],"4":[0,0],"5":[0,0],"6":[0,0],"7":[0,0,0],"8":[0,0],"9":[0,0],"10":[0,0],"11":[0,0],"12":[0,0],"13":[0,0],"14":[0,0],"15":[0,0,0,0],"16":[0,0],"17":[0,0],"18":[0,0],"19":[0,0],"20":[0,0],"21":[0,0],"22":[0,0],"23":[0,0],"24":[0,0],"25":[0,0],"26":[0,0],"27":[0,0],"28":[0,0],"29":[0,0],"30":[0,0],"31":[0,0],"32":[0,0],"33":[0,0]},"_coverageSchema":"332fd63041d2c1bcb487cc26dd0d5f7d97098a6c","hash":"8edae8e7c22ea86144f939aa5256b4465e41ae58"}
,"/Projects/tennis-ladder-2/src/server/getDb.js": {"path":"/Projects/tennis-ladder-2/src/server/getDb.js","statementMap":{"0":{"start":{"line":1,"column":17},"end":{"line":1,"column":36}},"1":{"start":{"line":2,"column":22},"end":{"line":2,"column":41}},"2":{"start":{"line":3,"column":12},"end":{"line":3,"column":26}},"3":{"start":{"line":4,"column":14},"end":{"line":4,"column":32}},"4":{"start":{"line":5,"column":13},"end":{"line":5,"column":24}},"5":{"start":{"line":7,"column":19},"end":{"line":7,"column":42}},"6":{"start":{"line":8,"column":28},"end":{"line":8,"column":60}},"7":{"start":{"line":12,"column":0},"end":{"line":324,"column":1}},"8":{"start":{"line":13,"column":13},"end":{"line":13,"column":66}},"9":{"start":{"line":16,"column":4},"end":{"line":16,"column":21}},"10":{"start":{"line":21,"column":4},"end":{"line":23,"column":5}},"11":{"start":{"line":22,"column":6},"end":{"line":22,"column":48}},"12":{"start":{"line":24,"column":4},"end":{"line":24,"column":53}},"13":{"start":{"line":32,"column":19},"end":{"line":32,"column":57}},"14":{"start":{"line":37,"column":4},"end":{"line":59,"column":5}},"15":{"start":{"line":38,"column":6},"end":{"line":47,"column":7}},"16":{"start":{"line":49,"column":6},"end":{"line":58,"column":7}},"17":{"start":{"line":62,"column":4},"end":{"line":65,"column":5}},"18":{"start":{"line":70,"column":27},"end":{"line":70,"column":66}},"19":{"start":{"line":71,"column":4},"end":{"line":74,"column":5}},"20":{"start":{"line":72,"column":6},"end":{"line":72,"column":40}},"21":{"start":{"line":73,"column":6},"end":{"line":73,"column":27}},"22":{"start":{"line":76,"column":24},"end":{"line":89,"column":5}},"23":{"start":{"line":91,"column":4},"end":{"line":93,"column":5}},"24":{"start":{"line":92,"column":6},"end":{"line":92,"column":64}},"25":{"start":{"line":96,"column":19},"end":{"line":96,"column":56}},"26":{"start":{"line":97,"column":4},"end":{"line":97,"column":57}},"27":{"start":{"line":98,"column":4},"end":{"line":98,"column":17}},"28":{"start":{"line":103,"column":28},"end":{"line":103,"column":54}},"29":{"start":{"line":106,"column":4},"end":{"line":109,"column":5}},"30":{"start":{"line":107,"column":6},"end":{"line":107,"column":52}},"31":{"start":{"line":108,"column":6},"end":{"line":108,"column":12}},"32":{"start":{"line":111,"column":26},"end":{"line":111,"column":58}},"33":{"start":{"line":112,"column":25},"end":{"line":112,"column":56}},"34":{"start":{"line":115,"column":4},"end":{"line":117,"column":5}},"35":{"start":{"line":116,"column":6},"end":{"line":116,"column":79}},"36":{"start":{"line":120,"column":39},"end":{"line":121,"column":65}},"37":{"start":{"line":123,"column":4},"end":{"line":124,"column":46}},"38":{"start":{"line":126,"column":4},"end":{"line":127,"column":46}},"39":{"start":{"line":131,"column":4},"end":{"line":131,"column":78}},"40":{"start":{"line":139,"column":28},"end":{"line":139,"column":54}},"41":{"start":{"line":142,"column":4},"end":{"line":145,"column":5}},"42":{"start":{"line":143,"column":6},"end":{"line":143,"column":68}},"43":{"start":{"line":144,"column":6},"end":{"line":144,"column":12}},"44":{"start":{"line":147,"column":20},"end":{"line":147,"column":81}},"45":{"start":{"line":147,"column":57},"end":{"line":147,"column":79}},"46":{"start":{"line":148,"column":19},"end":{"line":148,"column":79}},"47":{"start":{"line":148,"column":55},"end":{"line":148,"column":77}},"48":{"start":{"line":150,"column":30},"end":{"line":150,"column":65}},"49":{"start":{"line":150,"column":49},"end":{"line":150,"column":64}},"50":{"start":{"line":151,"column":29},"end":{"line":151,"column":63}},"51":{"start":{"line":151,"column":47},"end":{"line":151,"column":62}},"52":{"start":{"line":153,"column":4},"end":{"line":153,"column":55}},"53":{"start":{"line":154,"column":4},"end":{"line":154,"column":53}},"54":{"start":{"line":156,"column":30},"end":{"line":156,"column":80}},"55":{"start":{"line":158,"column":4},"end":{"line":158,"column":50}},"56":{"start":{"line":160,"column":4},"end":{"line":162,"column":5}},"57":{"start":{"line":161,"column":6},"end":{"line":161,"column":58}},"58":{"start":{"line":164,"column":4},"end":{"line":166,"column":5}},"59":{"start":{"line":165,"column":6},"end":{"line":165,"column":58}},"60":{"start":{"line":170,"column":19},"end":{"line":174,"column":6}},"61":{"start":{"line":175,"column":4},"end":{"line":175,"column":49}},"62":{"start":{"line":180,"column":20},"end":{"line":182,"column":16}},"63":{"start":{"line":184,"column":4},"end":{"line":187,"column":5}},"64":{"start":{"line":185,"column":6},"end":{"line":185,"column":54}},"65":{"start":{"line":186,"column":6},"end":{"line":186,"column":136}},"66":{"start":{"line":189,"column":4},"end":{"line":189,"column":18}},"67":{"start":{"line":205,"column":4},"end":{"line":205,"column":80}},"68":{"start":{"line":209,"column":4},"end":{"line":209,"column":80}},"69":{"start":{"line":220,"column":4},"end":{"line":220,"column":41}},"70":{"start":{"line":222,"column":4},"end":{"line":222,"column":48}},"71":{"start":{"line":223,"column":4},"end":{"line":223,"column":48}},"72":{"start":{"line":224,"column":4},"end":{"line":224,"column":58}},"73":{"start":{"line":225,"column":4},"end":{"line":225,"column":39}},"74":{"start":{"line":230,"column":4},"end":{"line":230,"column":36}},"75":{"start":{"line":237,"column":4},"end":{"line":237,"column":41}},"76":{"start":{"line":239,"column":4},"end":{"line":239,"column":64}},"77":{"start":{"line":239,"column":42},"end":{"line":239,"column":63}},"78":{"start":{"line":240,"column":4},"end":{"line":240,"column":64}},"79":{"start":{"line":240,"column":42},"end":{"line":240,"column":63}},"80":{"start":{"line":242,"column":4},"end":{"line":242,"column":58}},"81":{"start":{"line":243,"column":4},"end":{"line":243,"column":39}},"82":{"start":{"line":248,"column":4},"end":{"line":248,"column":36}},"83":{"start":{"line":255,"column":4},"end":{"line":255,"column":31}},"84":{"start":{"line":260,"column":19},"end":{"line":260,"column":89}},"85":{"start":{"line":261,"column":4},"end":{"line":261,"column":63}},"86":{"start":{"line":266,"column":4},"end":{"line":266,"column":38}},"87":{"start":{"line":267,"column":16},"end":{"line":267,"column":68}},"88":{"start":{"line":268,"column":19},"end":{"line":268,"column":49}},"89":{"start":{"line":269,"column":4},"end":{"line":272,"column":5}},"90":{"start":{"line":270,"column":6},"end":{"line":270,"column":57}},"91":{"start":{"line":271,"column":6},"end":{"line":271,"column":18}},"92":{"start":{"line":275,"column":4},"end":{"line":278,"column":5}},"93":{"start":{"line":279,"column":4},"end":{"line":279,"column":15}},"94":{"start":{"line":283,"column":4},"end":{"line":283,"column":91}},"95":{"start":{"line":294,"column":4},"end":{"line":294,"column":38}},"96":{"start":{"line":295,"column":4},"end":{"line":297,"column":8}},"97":{"start":{"line":301,"column":4},"end":{"line":301,"column":21}},"98":{"start":{"line":304,"column":2},"end":{"line":323,"column":3}}},"fnMap":{"0":{"name":"(anonymous_0)","decl":{"start":{"line":12,"column":17},"end":{"line":12,"column":18}},"loc":{"start":{"line":12,"column":39},"end":{"line":324,"column":1}},"line":12},"1":{"name":"close","decl":{"start":{"line":15,"column":17},"end":{"line":15,"column":22}},"loc":{"start":{"line":15,"column":26},"end":{"line":17,"column":3}},"line":15},"2":{"name":"getPlayer","decl":{"start":{"line":20,"column":17},"end":{"line":20,"column":26}},"loc":{"start":{"line":20,"column":36},"end":{"line":25,"column":3}},"line":20},"3":{"name":"moveToSinglesPosition","decl":{"start":{"line":30,"column":17},"end":{"line":30,"column":38}},"loc":{"start":{"line":30,"column":65},"end":{"line":66,"column":3}},"line":30},"4":{"name":"addPlayer","decl":{"start":{"line":68,"column":17},"end":{"line":68,"column":26}},"loc":{"start":{"line":68,"column":75},"end":{"line":99,"column":3}},"line":68},"5":{"name":"adjustSinglesLadder","decl":{"start":{"line":102,"column":17},"end":{"line":102,"column":36}},"loc":{"start":{"line":102,"column":45},"end":{"line":128,"column":3}},"line":102},"6":{"name":"changeDoublesRating","decl":{"start":{"line":130,"column":17},"end":{"line":130,"column":36}},"loc":{"start":{"line":130,"column":57},"end":{"line":132,"column":3}},"line":130},"7":{"name":"adjustDoublesLadder","decl":{"start":{"line":138,"column":17},"end":{"line":138,"column":36}},"loc":{"start":{"line":138,"column":45},"end":{"line":167,"column":3}},"line":138},"8":{"name":"(anonymous_8)","decl":{"start":{"line":147,"column":49},"end":{"line":147,"column":50}},"loc":{"start":{"line":147,"column":57},"end":{"line":147,"column":79}},"line":147},"9":{"name":"(anonymous_9)","decl":{"start":{"line":148,"column":47},"end":{"line":148,"column":48}},"loc":{"start":{"line":148,"column":55},"end":{"line":148,"column":77}},"line":148},"10":{"name":"(anonymous_10)","decl":{"start":{"line":150,"column":44},"end":{"line":150,"column":45}},"loc":{"start":{"line":150,"column":49},"end":{"line":150,"column":64}},"line":150},"11":{"name":"(anonymous_11)","decl":{"start":{"line":151,"column":42},"end":{"line":151,"column":43}},"loc":{"start":{"line":151,"column":47},"end":{"line":151,"column":62}},"line":151},"12":{"name":"lastPlayed","decl":{"start":{"line":169,"column":17},"end":{"line":169,"column":27}},"loc":{"start":{"line":169,"column":39},"end":{"line":176,"column":3}},"line":169},"13":{"name":"getPlayers","decl":{"start":{"line":179,"column":17},"end":{"line":179,"column":27}},"loc":{"start":{"line":179,"column":31},"end":{"line":202,"column":3}},"line":179},"14":{"name":"getRecentSinglesMatches","decl":{"start":{"line":204,"column":17},"end":{"line":204,"column":40}},"loc":{"start":{"line":204,"column":44},"end":{"line":206,"column":3}},"line":204},"15":{"name":"getRecentDoublesMatches","decl":{"start":{"line":208,"column":17},"end":{"line":208,"column":40}},"loc":{"start":{"line":208,"column":44},"end":{"line":210,"column":3}},"line":208},"16":{"name":"addSinglesMatch","decl":{"start":{"line":219,"column":17},"end":{"line":219,"column":32}},"loc":{"start":{"line":219,"column":41},"end":{"line":234,"column":3}},"line":219},"17":{"name":"addDoublesMatch","decl":{"start":{"line":236,"column":17},"end":{"line":236,"column":32}},"loc":{"start":{"line":236,"column":41},"end":{"line":252,"column":3}},"line":236},"18":{"name":"(anonymous_18)","decl":{"start":{"line":239,"column":34},"end":{"line":239,"column":35}},"loc":{"start":{"line":239,"column":42},"end":{"line":239,"column":63}},"line":239},"19":{"name":"(anonymous_19)","decl":{"start":{"line":240,"column":34},"end":{"line":240,"column":35}},"loc":{"start":{"line":240,"column":42},"end":{"line":240,"column":63}},"line":240},"20":{"name":"hashPassword","decl":{"start":{"line":254,"column":11},"end":{"line":254,"column":23}},"loc":{"start":{"line":254,"column":35},"end":{"line":256,"column":3}},"line":254},"21":{"name":"authenticate","decl":{"start":{"line":259,"column":17},"end":{"line":259,"column":29}},"loc":{"start":{"line":259,"column":47},"end":{"line":262,"column":3}},"line":259},"22":{"name":"changePassword","decl":{"start":{"line":264,"column":17},"end":{"line":264,"column":31}},"loc":{"start":{"line":264,"column":67},"end":{"line":280,"column":3}},"line":264},"23":{"name":"setPassword","decl":{"start":{"line":282,"column":17},"end":{"line":282,"column":28}},"loc":{"start":{"line":282,"column":46},"end":{"line":284,"column":3}},"line":282},"24":{"name":"saveSettings","decl":{"start":{"line":293,"column":17},"end":{"line":293,"column":29}},"loc":{"start":{"line":293,"column":49},"end":{"line":298,"column":3}},"line":293},"25":{"name":"dropDatabase","decl":{"start":{"line":300,"column":11},"end":{"line":300,"column":23}},"loc":{"start":{"line":300,"column":27},"end":{"line":302,"column":3}},"line":300}},"branchMap":{"0":{"loc":{"start":{"line":21,"column":4},"end":{"line":23,"column":5}},"type":"if","locations":[{"start":{"line":21,"column":4},"end":{"line":23,"column":5}},{"start":{"line":21,"column":4},"end":{"line":23,"column":5}}],"line":21},"1":{"loc":{"start":{"line":21,"column":8},"end":{"line":21,"column":59}},"type":"binary-expr","locations":[{"start":{"line":21,"column":8},"end":{"line":21,"column":23}},{"start":{"line":21,"column":27},"end":{"line":21,"column":59}}],"line":21},"2":{"loc":{"start":{"line":37,"column":4},"end":{"line":59,"column":5}},"type":"if","locations":[{"start":{"line":37,"column":4},"end":{"line":59,"column":5}},{"start":{"line":37,"column":4},"end":{"line":59,"column":5}}],"line":37},"3":{"loc":{"start":{"line":71,"column":4},"end":{"line":74,"column":5}},"type":"if","locations":[{"start":{"line":71,"column":4},"end":{"line":74,"column":5}},{"start":{"line":71,"column":4},"end":{"line":74,"column":5}}],"line":71},"4":{"loc":{"start":{"line":91,"column":4},"end":{"line":93,"column":5}},"type":"if","locations":[{"start":{"line":91,"column":4},"end":{"line":93,"column":5}},{"start":{"line":91,"column":4},"end":{"line":93,"column":5}}],"line":91},"5":{"loc":{"start":{"line":106,"column":4},"end":{"line":109,"column":5}},"type":"if","locations":[{"start":{"line":106,"column":4},"end":{"line":109,"column":5}},{"start":{"line":106,"column":4},"end":{"line":109,"column":5}}],"line":106},"6":{"loc":{"start":{"line":115,"column":4},"end":{"line":117,"column":5}},"type":"if","locations":[{"start":{"line":115,"column":4},"end":{"line":117,"column":5}},{"start":{"line":115,"column":4},"end":{"line":117,"column":5}}],"line":115},"7":{"loc":{"start":{"line":142,"column":4},"end":{"line":145,"column":5}},"type":"if","locations":[{"start":{"line":142,"column":4},"end":{"line":145,"column":5}},{"start":{"line":142,"column":4},"end":{"line":145,"column":5}}],"line":142},"8":{"loc":{"start":{"line":175,"column":11},"end":{"line":175,"column":49}},"type":"cond-expr","locations":[{"start":{"line":175,"column":27},"end":{"line":175,"column":42}},{"start":{"line":175,"column":45},"end":{"line":175,"column":49}}],"line":175},"9":{"loc":{"start":{"line":186,"column":31},"end":{"line":186,"column":136}},"type":"cond-expr","locations":[{"start":{"line":186,"column":51},"end":{"line":186,"column":129}},{"start":{"line":186,"column":132},"end":{"line":186,"column":136}}],"line":186},"10":{"loc":{"start":{"line":220,"column":17},"end":{"line":220,"column":41}},"type":"binary-expr","locations":[{"start":{"line":220,"column":17},"end":{"line":220,"column":27}},{"start":{"line":220,"column":31},"end":{"line":220,"column":41}}],"line":220},"11":{"loc":{"start":{"line":237,"column":17},"end":{"line":237,"column":41}},"type":"binary-expr","locations":[{"start":{"line":237,"column":17},"end":{"line":237,"column":27}},{"start":{"line":237,"column":31},"end":{"line":237,"column":41}}],"line":237},"12":{"loc":{"start":{"line":261,"column":11},"end":{"line":261,"column":63}},"type":"cond-expr","locations":[{"start":{"line":261,"column":31},"end":{"line":261,"column":55}},{"start":{"line":261,"column":58},"end":{"line":261,"column":63}}],"line":261},"13":{"loc":{"start":{"line":269,"column":4},"end":{"line":272,"column":5}},"type":"if","locations":[{"start":{"line":269,"column":4},"end":{"line":272,"column":5}},{"start":{"line":269,"column":4},"end":{"line":272,"column":5}}],"line":269}},"s":{"0":1,"1":1,"2":1,"3":1,"4":1,"5":1,"6":1,"7":1,"8":19,"9":19,"10":35,"11":0,"12":35,"13":35,"14":35,"15":0,"16":35,"17":35,"18":33,"19":33,"20":1,"21":1,"22":32,"23":32,"24":4,"25":32,"26":32,"27":32,"28":4,"29":4,"30":1,"31":1,"32":3,"33":3,"34":3,"35":2,"36":3,"37":3,"38":3,"39":12,"40":3,"41":3,"42":0,"43":0,"44":3,"45":6,"46":3,"47":6,"48":3,"49":6,"50":3,"51":6,"52":3,"53":3,"54":3,"55":3,"56":3,"57":6,"58":3,"59":6,"60":2,"61":2,"62":3,"63":3,"64":2,"65":2,"66":3,"67":2,"68":1,"69":4,"70":4,"71":4,"72":4,"73":4,"74":4,"75":3,"76":3,"77":6,"78":3,"79":6,"80":3,"81":3,"82":3,"83":41,"84":5,"85":5,"86":2,"87":2,"88":2,"89":2,"90":1,"91":1,"92":1,"93":1,"94":1,"95":0,"96":0,"97":19,"98":19},"f":{"0":19,"1":19,"2":35,"3":35,"4":33,"5":4,"6":12,"7":3,"8":6,"9":6,"10":6,"11":6,"12":2,"13":3,"14":2,"15":1,"16":4,"17":3,"18":6,"19":6,"20":41,"21":5,"22":2,"23":1,"24":0,"25":19},"b":{"0":[0,35],"1":[35,18],"2":[0,35],"3":[1,32],"4":[4,28],"5":[1,3],"6":[2,1],"7":[0,3],"8":[0,2],"9":[0,2],"10":[4,4],"11":[3,3],"12":[4,1],"13":[1,1]},"_coverageSchema":"332fd63041d2c1bcb487cc26dd0d5f7d97098a6c","hash":"b977e104099880f680ff973592ca88d571533d31"}
,"/Projects/tennis-ladder-2/src/server/matchWinnerAndLoser.js": {"path":"/Projects/tennis-ladder-2/src/server/matchWinnerAndLoser.js","statementMap":{"0":{"start":{"line":2,"column":0},"end":{"line":11,"column":1}},"1":{"start":{"line":3,"column":16},"end":{"line":3,"column":70}},"2":{"start":{"line":3,"column":47},"end":{"line":3,"column":62}},"3":{"start":{"line":4,"column":16},"end":{"line":4,"column":70}},"4":{"start":{"line":4,"column":47},"end":{"line":4,"column":62}},"5":{"start":{"line":5,"column":2},"end":{"line":7,"column":3}},"6":{"start":{"line":6,"column":4},"end":{"line":6,"column":40}},"7":{"start":{"line":8,"column":2},"end":{"line":10,"column":49}}},"fnMap":{"0":{"name":"(anonymous_0)","decl":{"start":{"line":2,"column":17},"end":{"line":2,"column":18}},"loc":{"start":{"line":2,"column":34},"end":{"line":11,"column":1}},"line":2},"1":{"name":"(anonymous_1)","decl":{"start":{"line":3,"column":35},"end":{"line":3,"column":36}},"loc":{"start":{"line":3,"column":47},"end":{"line":3,"column":62}},"line":3},"2":{"name":"(anonymous_2)","decl":{"start":{"line":4,"column":35},"end":{"line":4,"column":36}},"loc":{"start":{"line":4,"column":47},"end":{"line":4,"column":62}},"line":4}},"branchMap":{"0":{"loc":{"start":{"line":3,"column":47},"end":{"line":3,"column":62}},"type":"binary-expr","locations":[{"start":{"line":3,"column":47},"end":{"line":3,"column":53}},{"start":{"line":3,"column":57},"end":{"line":3,"column":62}}],"line":3},"1":{"loc":{"start":{"line":4,"column":47},"end":{"line":4,"column":62}},"type":"binary-expr","locations":[{"start":{"line":4,"column":47},"end":{"line":4,"column":53}},{"start":{"line":4,"column":57},"end":{"line":4,"column":62}}],"line":4},"2":{"loc":{"start":{"line":5,"column":2},"end":{"line":7,"column":3}},"type":"if","locations":[{"start":{"line":5,"column":2},"end":{"line":7,"column":3}},{"start":{"line":5,"column":2},"end":{"line":7,"column":3}}],"line":5},"3":{"loc":{"start":{"line":8,"column":9},"end":{"line":10,"column":49}},"type":"cond-expr","locations":[{"start":{"line":9,"column":6},"end":{"line":9,"column":49}},{"start":{"line":10,"column":6},"end":{"line":10,"column":49}}],"line":8}},"s":{"0":2,"1":13,"2":18,"3":13,"4":18,"5":13,"6":2,"7":11},"f":{"0":13,"1":18,"2":18},"b":{"0":[18,11],"1":[18,8],"2":[2,11],"3":[6,5]},"_coverageSchema":"332fd63041d2c1bcb487cc26dd0d5f7d97098a6c","hash":"b568fbe910593b3440297a0c9cd96c3fd332510f"}
}
