TN:
SF:/Projects/tennis-ladder-2/src/server/config.js
FNF:0
FNH:0
DA:4,1
LF:1
LH:1
BRF:0
BRH:0
end_of_record
TN:
SF:/Projects/tennis-ladder-2/src/server/eloScoring.js
FN:25,(anonymous_0)
FNF:1
FNH:1
FNDA:10,(anonymous_0)
DA:23,2
DA:25,2
DA:26,10
DA:27,10
DA:28,10
DA:29,10
DA:30,10
DA:31,10
LF:8
LH:8
BRF:0
BRH:0
end_of_record
TN:
SF:/Projects/tennis-ladder-2/src/server/email.js
FN:15,getTransport
FN:28,closeTransport
FN:36,sendEmailsAboutChallenge
FN:39,(anonymous_3)
FN:41,(anonymous_4)
FN:54,(anonymous_5)
FN:68,(anonymous_6)
FN:81,sendInvitationEmails
FN:84,(anonymous_8)
FN:85,(anonymous_9)
FN:87,sentHandler
FN:125,sendEmailsAboutMatch
FN:127,(anonymous_12)
FN:132,(anonymous_13)
FN:139,(anonymous_14)
FN:154,sendChallenge
FN:186,(anonymous_16)
FN:197,invitationBody
FN:207,challengeEmailBody
FN:216,contactDetailsHtml
FN:228,matchString
FN:229,(anonymous_21)
FN:233,sendMatchReport
FN:258,sendTestEmail
FN:265,(anonymous_24)
FN:273,body
FNF:26
FNH:0
FNDA:0,getTransport
FNDA:0,closeTransport
FNDA:0,sendEmailsAboutChallenge
FNDA:0,(anonymous_3)
FNDA:0,(anonymous_4)
FNDA:0,(anonymous_5)
FNDA:0,(anonymous_6)
FNDA:0,sendInvitationEmails
FNDA:0,(anonymous_8)
FNDA:0,(anonymous_9)
FNDA:0,sentHandler
FNDA:0,sendEmailsAboutMatch
FNDA:0,(anonymous_12)
FNDA:0,(anonymous_13)
FNDA:0,(anonymous_14)
FNDA:0,sendChallenge
FNDA:0,(anonymous_16)
FNDA:0,invitationBody
FNDA:0,challengeEmailBody
FNDA:0,contactDetailsHtml
FNDA:0,matchString
FNDA:0,(anonymous_21)
FNDA:0,sendMatchReport
FNDA:0,sendTestEmail
FNDA:0,(anonymous_24)
FNDA:0,body
DA:1,1
DA:3,1
DA:5,1
DA:16,0
DA:17,0
DA:25,0
DA:29,0
DA:30,0
DA:37,0
DA:39,0
DA:41,0
DA:42,0
DA:43,0
DA:45,0
DA:46,0
DA:50,0
DA:52,0
DA:54,0
DA:55,0
DA:59,0
DA:61,0
DA:63,0
DA:64,0
DA:66,0
DA:67,0
DA:68,0
DA:69,0
DA:70,0
DA:71,0
DA:72,0
DA:73,0
DA:82,0
DA:84,0
DA:85,0
DA:86,0
DA:88,0
DA:89,0
DA:90,0
DA:92,0
DA:93,0
DA:94,0
DA:99,0
DA:108,0
DA:111,0
DA:120,0
DA:126,0
DA:127,0
DA:128,0
DA:130,0
DA:132,0
DA:133,0
DA:136,0
DA:138,0
DA:139,0
DA:140,0
DA:141,0
DA:142,0
DA:143,0
DA:144,0
DA:155,0
DA:156,0
DA:157,0
DA:158,0
DA:159,0
DA:164,0
DA:167,0
DA:168,0
DA:171,0
DA:172,0
DA:174,0
DA:184,0
DA:186,0
DA:187,0
DA:188,0
DA:189,0
DA:191,0
DA:192,0
DA:198,0
DA:199,0
DA:200,0
DA:201,0
DA:202,0
DA:203,0
DA:204,0
DA:208,0
DA:209,0
DA:210,0
DA:211,0
DA:212,0
DA:213,0
DA:217,0
DA:218,0
DA:219,0
DA:221,0
DA:222,0
DA:224,0
DA:229,0
DA:230,0
DA:234,0
DA:235,0
DA:237,0
DA:238,0
DA:239,0
DA:240,0
DA:243,0
DA:244,0
DA:246,0
DA:254,0
DA:259,0
DA:265,0
DA:266,0
DA:267,0
DA:268,0
DA:269,0
DA:274,0
LF:115
LH:3
BRDA:16,0,0,0
BRDA:16,0,1,0
BRDA:29,1,0,0
BRDA:29,1,1,0
BRDA:42,2,0,0
BRDA:42,2,1,0
BRDA:45,3,0,0
BRDA:45,3,1,0
BRDA:55,4,0,0
BRDA:55,4,1,0
BRDA:63,5,0,0
BRDA:63,5,1,0
BRDA:66,6,0,0
BRDA:66,6,1,0
BRDA:66,7,0,0
BRDA:66,7,1,0
BRDA:66,7,2,0
BRDA:70,8,0,0
BRDA:70,8,1,0
BRDA:73,9,0,0
BRDA:73,9,1,0
BRDA:88,10,0,0
BRDA:88,10,1,0
BRDA:93,11,0,0
BRDA:93,11,1,0
BRDA:93,12,0,0
BRDA:93,12,1,0
BRDA:133,13,0,0
BRDA:133,13,1,0
BRDA:136,14,0,0
BRDA:136,14,1,0
BRDA:136,15,0,0
BRDA:136,15,1,0
BRDA:136,15,2,0
BRDA:136,15,3,0
BRDA:141,16,0,0
BRDA:141,16,1,0
BRDA:144,17,0,0
BRDA:144,17,1,0
BRDA:155,18,0,0
BRDA:155,18,1,0
BRDA:158,19,0,0
BRDA:158,19,1,0
BRDA:167,20,0,0
BRDA:167,20,1,0
BRDA:168,21,0,0
BRDA:168,21,1,0
BRDA:179,22,0,0
BRDA:179,22,1,0
BRDA:180,23,0,0
BRDA:180,23,1,0
BRDA:184,24,0,0
BRDA:184,24,1,0
BRDA:187,25,0,0
BRDA:187,25,1,0
BRDA:192,26,0,0
BRDA:192,26,1,0
BRDA:211,27,0,0
BRDA:211,27,1,0
BRDA:218,28,0,0
BRDA:218,28,1,0
BRDA:221,29,0,0
BRDA:221,29,1,0
BRDA:237,30,0,0
BRDA:237,30,1,0
BRDA:240,31,0,0
BRDA:240,31,1,0
BRDA:262,32,0,0
BRDA:262,32,1,0
BRDA:263,33,0,0
BRDA:263,33,1,0
BRF:71
BRH:0
end_of_record
TN:
SF:/Projects/tennis-ladder-2/src/server/getDb.js
FN:12,(anonymous_0)
FN:15,close
FN:20,getPlayer
FN:30,moveToSinglesPosition
FN:68,addPlayer
FN:102,adjustSinglesLadder
FN:130,changeDoublesRating
FN:138,adjustDoublesLadder
FN:147,(anonymous_8)
FN:148,(anonymous_9)
FN:150,(anonymous_10)
FN:151,(anonymous_11)
FN:169,lastPlayed
FN:179,getPlayers
FN:204,getRecentSinglesMatches
FN:208,getRecentDoublesMatches
FN:219,addSinglesMatch
FN:236,addDoublesMatch
FN:239,(anonymous_18)
FN:240,(anonymous_19)
FN:254,hashPassword
FN:259,authenticate
FN:264,changePassword
FN:282,setPassword
FN:293,saveSettings
FN:300,dropDatabase
FNF:26
FNH:25
FNDA:19,(anonymous_0)
FNDA:19,close
FNDA:35,getPlayer
FNDA:35,moveToSinglesPosition
FNDA:33,addPlayer
FNDA:4,adjustSinglesLadder
FNDA:12,changeDoublesRating
FNDA:3,adjustDoublesLadder
FNDA:6,(anonymous_8)
FNDA:6,(anonymous_9)
FNDA:6,(anonymous_10)
FNDA:6,(anonymous_11)
FNDA:2,lastPlayed
FNDA:3,getPlayers
FNDA:2,getRecentSinglesMatches
FNDA:1,getRecentDoublesMatches
FNDA:4,addSinglesMatch
FNDA:3,addDoublesMatch
FNDA:6,(anonymous_18)
FNDA:6,(anonymous_19)
FNDA:41,hashPassword
FNDA:5,authenticate
FNDA:2,changePassword
FNDA:1,setPassword
FNDA:0,saveSettings
FNDA:19,dropDatabase
DA:1,1
DA:2,1
DA:3,1
DA:4,1
DA:5,1
DA:7,1
DA:8,1
DA:12,1
DA:13,19
DA:16,19
DA:21,35
DA:22,0
DA:24,35
DA:32,35
DA:37,35
DA:38,0
DA:49,35
DA:62,35
DA:70,33
DA:71,33
DA:72,1
DA:73,1
DA:76,32
DA:91,32
DA:92,4
DA:96,32
DA:97,32
DA:98,32
DA:103,4
DA:106,4
DA:107,1
DA:108,1
DA:111,3
DA:112,3
DA:115,3
DA:116,2
DA:120,3
DA:123,3
DA:126,3
DA:131,12
DA:139,3
DA:142,3
DA:143,0
DA:144,0
DA:147,6
DA:148,6
DA:150,6
DA:151,6
DA:153,3
DA:154,3
DA:156,3
DA:158,3
DA:160,3
DA:161,6
DA:164,3
DA:165,6
DA:170,2
DA:175,2
DA:180,3
DA:184,3
DA:185,2
DA:186,2
DA:189,3
DA:205,2
DA:209,1
DA:220,4
DA:222,4
DA:223,4
DA:224,4
DA:225,4
DA:230,4
DA:237,3
DA:239,6
DA:240,6
DA:242,3
DA:243,3
DA:248,3
DA:255,41
DA:260,5
DA:261,5
DA:266,2
DA:267,2
DA:268,2
DA:269,2
DA:270,1
DA:271,1
DA:275,1
DA:279,1
DA:283,1
DA:294,0
DA:295,0
DA:301,19
DA:304,19
LF:93
LH:87
BRDA:21,0,0,0
BRDA:21,0,1,35
BRDA:21,1,0,35
BRDA:21,1,1,18
BRDA:37,2,0,0
BRDA:37,2,1,35
BRDA:71,3,0,1
BRDA:71,3,1,32
BRDA:91,4,0,4
BRDA:91,4,1,28
BRDA:106,5,0,1
BRDA:106,5,1,3
BRDA:115,6,0,2
BRDA:115,6,1,1
BRDA:142,7,0,0
BRDA:142,7,1,3
BRDA:175,8,0,0
BRDA:175,8,1,2
BRDA:186,9,0,0
BRDA:186,9,1,2
BRDA:220,10,0,4
BRDA:220,10,1,4
BRDA:237,11,0,3
BRDA:237,11,1,3
BRDA:261,12,0,4
BRDA:261,12,1,1
BRDA:269,13,0,1
BRDA:269,13,1,1
BRF:28
BRH:23
end_of_record
TN:
SF:/Projects/tennis-ladder-2/src/server/matchWinnerAndLoser.js
FN:2,(anonymous_0)
FN:3,(anonymous_1)
FN:4,(anonymous_2)
FNF:3
FNH:3
FNDA:13,(anonymous_0)
FNDA:18,(anonymous_1)
FNDA:18,(anonymous_2)
DA:2,2
DA:3,18
DA:4,18
DA:5,13
DA:6,2
DA:8,11
LF:6
LH:6
BRDA:3,0,0,18
BRDA:3,0,1,11
BRDA:4,1,0,18
BRDA:4,1,1,8
BRDA:5,2,0,2
BRDA:5,2,1,11
BRDA:8,3,0,6
BRDA:8,3,1,5
BRF:8
BRH:8
end_of_record
